[debug] ----------------------------------------------------------------------
[debug] Command:      /usr/bin/nodejs /usr/bin/firebase serve
[debug] CLI Version:  3.0.2
[debug] Platform:     linux
[debug] Node Version: v4.4.5
[debug] Time:         Sat Jul 09 2016 23:42:00 GMT+0530 (IST)
[debug] ----------------------------------------------------------------------
[debug] 
[info] Starting Firebase development server...
[info] 
[warn] ⚠  No Firebase project directory detected. Serving static content from /home/ajaymshr42/Desktop/chat
[info] 
[info] Server listening at: http://localhost:5000
[debug] ----------------------------------------------------------------------
[debug] Command:      /usr/bin/nodejs /usr/bin/firebase serve
[debug] CLI Version:  3.0.2
[debug] Platform:     linux
[debug] Node Version: v4.4.5
[debug] Time:         Sun Jul 10 2016 00:22:27 GMT+0530 (IST)
[debug] ----------------------------------------------------------------------
[debug] 
[info] Starting Firebase development server...
[info] 
[warn] ⚠  No Firebase project directory detected. Serving static content from /home/ajaymshr42/Desktop/chatAdmin
[warn] ⚠  Port 5000 is not available. Trying another port...
[info] 
[info] Server listening at: http://localhost:5001
